2022-04-27 07:26:54.194  INFO 22896 --- [restartedMain] com.admin.CarwashManagementApplication   : Starting CarwashManagementApplication using Java 17.0.1 on LAPTOP-DB72KUT4 with PID 22896 (C:\Capgemini CaseStudy\Carwash-Admin\target\classes started by omkar in C:\Capgemini CaseStudy\CustomerManagement)
2022-04-27 07:26:54.209  INFO 22896 --- [restartedMain] com.admin.CarwashManagementApplication   : No active profile set, falling back to 1 default profile: "default"
2022-04-27 07:26:54.355  INFO 22896 --- [restartedMain] .e.DevToolsPropertyDefaultsPostProcessor : Devtools property defaults active! Set 'spring.devtools.add-properties' to 'false' to disable
2022-04-27 07:26:54.356  INFO 22896 --- [restartedMain] .e.DevToolsPropertyDefaultsPostProcessor : For additional web related logging consider setting the 'logging.level.web' property to 'DEBUG'
2022-04-27 07:26:56.090  INFO 22896 --- [restartedMain] .s.d.r.c.RepositoryConfigurationDelegate : Bootstrapping Spring Data MongoDB repositories in DEFAULT mode.
2022-04-27 07:26:56.396  INFO 22896 --- [restartedMain] .s.d.r.c.RepositoryConfigurationDelegate : Finished Spring Data repository scanning in 296 ms. Found 2 MongoDB repository interfaces.
2022-04-27 07:26:56.920  INFO 22896 --- [restartedMain] o.s.cloud.context.scope.GenericScope     : BeanFactory id=ebfc853f-fd8c-3bc7-95fe-bb9da9e4e831
2022-04-27 07:26:58.163  INFO 22896 --- [restartedMain] o.s.b.w.embedded.tomcat.TomcatWebServer  : Tomcat initialized with port(s): 9001 (http)
2022-04-27 07:26:58.182  INFO 22896 --- [restartedMain] o.apache.catalina.core.StandardService   : Starting service [Tomcat]
2022-04-27 07:26:58.183  INFO 22896 --- [restartedMain] org.apache.catalina.core.StandardEngine  : Starting Servlet engine: [Apache Tomcat/9.0.60]
2022-04-27 07:26:58.449  INFO 22896 --- [restartedMain] o.a.c.c.C.[Tomcat].[localhost].[/]       : Initializing Spring embedded WebApplicationContext
2022-04-27 07:26:58.450  INFO 22896 --- [restartedMain] w.s.c.ServletWebServerApplicationContext : Root WebApplicationContext: initialization completed in 4091 ms
2022-04-27 07:26:58.872  INFO 22896 --- [restartedMain] org.mongodb.driver.cluster               : Cluster created with settings {hosts=[127.0.0.1:27017], srvHost=cluster0.6lihh.mongodb.net, mode=MULTIPLE, requiredClusterType=REPLICA_SET, serverSelectionTimeout='30000 ms', requiredReplicaSetName='atlas-dz2cpc-shard-0'}
2022-04-27 07:26:58.940  INFO 22896 --- [cluster-ClusterId{value='6268a2eadcfb093e04dc11be', description='null'}-srv-cluster0.6lihh.mongodb.net] org.mongodb.driver.cluster               : Adding discovered server cluster0-shard-00-00.6lihh.mongodb.net:27017 to client view of cluster
2022-04-27 07:26:59.043  INFO 22896 --- [cluster-ClusterId{value='6268a2eadcfb093e04dc11be', description='null'}-srv-cluster0.6lihh.mongodb.net] org.mongodb.driver.cluster               : Adding discovered server cluster0-shard-00-01.6lihh.mongodb.net:27017 to client view of cluster
2022-04-27 07:26:59.046  INFO 22896 --- [cluster-ClusterId{value='6268a2eadcfb093e04dc11be', description='null'}-srv-cluster0.6lihh.mongodb.net] org.mongodb.driver.cluster               : Adding discovered server cluster0-shard-00-02.6lihh.mongodb.net:27017 to client view of cluster
2022-04-27 07:26:59.130  WARN 22896 --- [restartedMain] o.s.data.convert.CustomConversions       : Registering converter from class java.time.LocalDateTime to class org.joda.time.LocalDateTime as reading converter although it doesn't convert from a store-supported type! You might want to check your annotation setup at the converter implementation.
2022-04-27 07:26:59.279  WARN 22896 --- [restartedMain] o.s.b.d.a.OptionalLiveReloadServer       : Unable to start LiveReload server
2022-04-27 07:26:59.432  WARN 22896 --- [restartedMain] o.s.data.convert.CustomConversions       : Registering converter from class java.time.LocalDateTime to class org.joda.time.LocalDateTime as reading converter although it doesn't convert from a store-supported type! You might want to check your annotation setup at the converter implementation.
2022-04-27 07:27:00.119  INFO 22896 --- [cluster-rtt-ClusterId{value='6268a2eadcfb093e04dc11be', description='null'}-cluster0-shard-00-02.6lihh.mongodb.net:27017] org.mongodb.driver.connection            : Opened connection [connectionId{localValue:3, serverValue:31812}] to cluster0-shard-00-02.6lihh.mongodb.net:27017
2022-04-27 07:27:00.119  INFO 22896 --- [cluster-ClusterId{value='6268a2eadcfb093e04dc11be', description='null'}-cluster0-shard-00-01.6lihh.mongodb.net:27017] org.mongodb.driver.connection            : Opened connection [connectionId{localValue:4, serverValue:30674}] to cluster0-shard-00-01.6lihh.mongodb.net:27017
2022-04-27 07:27:00.119  INFO 22896 --- [cluster-rtt-ClusterId{value='6268a2eadcfb093e04dc11be', description='null'}-cluster0-shard-00-01.6lihh.mongodb.net:27017] org.mongodb.driver.connection            : Opened connection [connectionId{localValue:6, serverValue:30674}] to cluster0-shard-00-01.6lihh.mongodb.net:27017
2022-04-27 07:27:00.119  INFO 22896 --- [cluster-rtt-ClusterId{value='6268a2eadcfb093e04dc11be', description='null'}-cluster0-shard-00-00.6lihh.mongodb.net:27017] org.mongodb.driver.connection            : Opened connection [connectionId{localValue:1, serverValue:30913}] to cluster0-shard-00-00.6lihh.mongodb.net:27017
2022-04-27 07:27:00.119  INFO 22896 --- [cluster-ClusterId{value='6268a2eadcfb093e04dc11be', description='null'}-cluster0-shard-00-02.6lihh.mongodb.net:27017] org.mongodb.driver.connection            : Opened connection [connectionId{localValue:2, serverValue:31575}] to cluster0-shard-00-02.6lihh.mongodb.net:27017
2022-04-27 07:27:00.119  INFO 22896 --- [cluster-ClusterId{value='6268a2eadcfb093e04dc11be', description='null'}-cluster0-shard-00-00.6lihh.mongodb.net:27017] org.mongodb.driver.connection            : Opened connection [connectionId{localValue:5, serverValue:30913}] to cluster0-shard-00-00.6lihh.mongodb.net:27017
2022-04-27 07:27:00.120  INFO 22896 --- [cluster-ClusterId{value='6268a2eadcfb093e04dc11be', description='null'}-cluster0-shard-00-02.6lihh.mongodb.net:27017] org.mongodb.driver.cluster               : Monitor thread successfully connected to server with description ServerDescription{address=cluster0-shard-00-02.6lihh.mongodb.net:27017, type=REPLICA_SET_PRIMARY, state=CONNECTED, ok=true, minWireVersion=0, maxWireVersion=13, maxDocumentSize=16777216, logicalSessionTimeoutMinutes=30, roundTripTimeNanos=614453700, setName='atlas-dz2cpc-shard-0', canonicalAddress=cluster0-shard-00-02.6lihh.mongodb.net:27017, hosts=[cluster0-shard-00-01.6lihh.mongodb.net:27017, cluster0-shard-00-00.6lihh.mongodb.net:27017, cluster0-shard-00-02.6lihh.mongodb.net:27017], passives=[], arbiters=[], primary='cluster0-shard-00-02.6lihh.mongodb.net:27017', tagSet=TagSet{[Tag{name='nodeType', value='ELECTABLE'}, Tag{name='provider', value='AWS'}, Tag{name='region', value='AP_SOUTH_1'}, Tag{name='workloadType', value='OPERATIONAL'}]}, electionId=7fffffff000000000000010c, setVersion=7, topologyVersion=TopologyVersion{processId=6267fc48658baf419a08c480, counter=6}, lastWriteDate=Wed Apr 27 07:26:58 IST 2022, lastUpdateTimeNanos=937972200380100}
2022-04-27 07:27:00.120  INFO 22896 --- [cluster-ClusterId{value='6268a2eadcfb093e04dc11be', description='null'}-cluster0-shard-00-01.6lihh.mongodb.net:27017] org.mongodb.driver.cluster               : Monitor thread successfully connected to server with description ServerDescription{address=cluster0-shard-00-01.6lihh.mongodb.net:27017, type=REPLICA_SET_SECONDARY, state=CONNECTED, ok=true, minWireVersion=0, maxWireVersion=13, maxDocumentSize=16777216, logicalSessionTimeoutMinutes=30, roundTripTimeNanos=590529800, setName='atlas-dz2cpc-shard-0', canonicalAddress=cluster0-shard-00-01.6lihh.mongodb.net:27017, hosts=[cluster0-shard-00-01.6lihh.mongodb.net:27017, cluster0-shard-00-00.6lihh.mongodb.net:27017, cluster0-shard-00-02.6lihh.mongodb.net:27017], passives=[], arbiters=[], primary='cluster0-shard-00-02.6lihh.mongodb.net:27017', tagSet=TagSet{[Tag{name='nodeType', value='ELECTABLE'}, Tag{name='provider', value='AWS'}, Tag{name='region', value='AP_SOUTH_1'}, Tag{name='workloadType', value='OPERATIONAL'}]}, electionId=null, setVersion=7, topologyVersion=TopologyVersion{processId=6267fcc69fed363c99fd409e, counter=3}, lastWriteDate=Wed Apr 27 07:26:58 IST 2022, lastUpdateTimeNanos=937972200380000}
2022-04-27 07:27:00.120  INFO 22896 --- [cluster-ClusterId{value='6268a2eadcfb093e04dc11be', description='null'}-cluster0-shard-00-00.6lihh.mongodb.net:27017] org.mongodb.driver.cluster               : Monitor thread successfully connected to server with description ServerDescription{address=cluster0-shard-00-00.6lihh.mongodb.net:27017, type=REPLICA_SET_SECONDARY, state=CONNECTED, ok=true, minWireVersion=0, maxWireVersion=13, maxDocumentSize=16777216, logicalSessionTimeoutMinutes=30, roundTripTimeNanos=609416700, setName='atlas-dz2cpc-shard-0', canonicalAddress=cluster0-shard-00-00.6lihh.mongodb.net:27017, hosts=[cluster0-shard-00-01.6lihh.mongodb.net:27017, cluster0-shard-00-00.6lihh.mongodb.net:27017, cluster0-shard-00-02.6lihh.mongodb.net:27017], passives=[], arbiters=[], primary='cluster0-shard-00-02.6lihh.mongodb.net:27017', tagSet=TagSet{[Tag{name='nodeType', value='ELECTABLE'}, Tag{name='provider', value='AWS'}, Tag{name='region', value='AP_SOUTH_1'}, Tag{name='workloadType', value='OPERATIONAL'}]}, electionId=null, setVersion=7, topologyVersion=TopologyVersion{processId=6267fbd66572e6261731b484, counter=4}, lastWriteDate=Wed Apr 27 07:26:58 IST 2022, lastUpdateTimeNanos=937972200633100}
2022-04-27 07:27:00.129  INFO 22896 --- [cluster-ClusterId{value='6268a2eadcfb093e04dc11be', description='null'}-cluster0-shard-00-02.6lihh.mongodb.net:27017] org.mongodb.driver.cluster               : Setting max election id to 7fffffff000000000000010c from replica set primary cluster0-shard-00-02.6lihh.mongodb.net:27017
2022-04-27 07:27:00.129  INFO 22896 --- [cluster-ClusterId{value='6268a2eadcfb093e04dc11be', description='null'}-cluster0-shard-00-02.6lihh.mongodb.net:27017] org.mongodb.driver.cluster               : Setting max set version to 7 from replica set primary cluster0-shard-00-02.6lihh.mongodb.net:27017
2022-04-27 07:27:00.130  INFO 22896 --- [cluster-ClusterId{value='6268a2eadcfb093e04dc11be', description='null'}-cluster0-shard-00-02.6lihh.mongodb.net:27017] org.mongodb.driver.cluster               : Discovered replica set primary cluster0-shard-00-02.6lihh.mongodb.net:27017
2022-04-27 07:27:01.154  INFO 22896 --- [restartedMain] DiscoveryClientOptionalArgsConfiguration : Eureka HTTP Client uses RestTemplate.
2022-04-27 07:27:01.485  WARN 22896 --- [restartedMain] iguration$LoadBalancerCaffeineWarnLogger : Spring Cloud LoadBalancer is currently working with the default cache. While this cache implementation is useful for development and tests, it's recommended to use Caffeine cache in production.You can switch to using Caffeine cache, by adding it and org.springframework.cache.caffeine.CaffeineCacheManager to the classpath.
2022-04-27 07:27:01.532  INFO 22896 --- [restartedMain] o.s.c.n.eureka.InstanceInfoFactory       : Setting initial instance status as: STARTING
2022-04-27 07:27:01.747  INFO 22896 --- [restartedMain] com.netflix.discovery.DiscoveryClient    : Initializing Eureka in region us-east-1
2022-04-27 07:27:01.779  INFO 22896 --- [restartedMain] c.n.d.s.r.aws.ConfigClusterResolver      : Resolving eureka endpoints via configuration
2022-04-27 07:27:01.842  INFO 22896 --- [restartedMain] com.netflix.discovery.DiscoveryClient    : Disable delta property : false
2022-04-27 07:27:01.842  INFO 22896 --- [restartedMain] com.netflix.discovery.DiscoveryClient    : Single vip registry refresh property : null
2022-04-27 07:27:01.843  INFO 22896 --- [restartedMain] com.netflix.discovery.DiscoveryClient    : Force full registry fetch : false
2022-04-27 07:27:01.843  INFO 22896 --- [restartedMain] com.netflix.discovery.DiscoveryClient    : Application is null : false
2022-04-27 07:27:01.843  INFO 22896 --- [restartedMain] com.netflix.discovery.DiscoveryClient    : Registered Applications size is zero : true
2022-04-27 07:27:01.843  INFO 22896 --- [restartedMain] com.netflix.discovery.DiscoveryClient    : Application version is -1: true
2022-04-27 07:27:01.844  INFO 22896 --- [restartedMain] com.netflix.discovery.DiscoveryClient    : Getting all instance registry info from the eureka server
2022-04-27 07:27:02.407  INFO 22896 --- [restartedMain] com.netflix.discovery.DiscoveryClient    : The response status is 200
2022-04-27 07:27:02.455  INFO 22896 --- [restartedMain] com.netflix.discovery.DiscoveryClient    : Starting heartbeat executor: renew interval is: 30
2022-04-27 07:27:02.468  INFO 22896 --- [restartedMain] c.n.discovery.InstanceInfoReplicator     : InstanceInfoReplicator onDemand update allowed rate per min is 4
2022-04-27 07:27:02.497  INFO 22896 --- [restartedMain] com.netflix.discovery.DiscoveryClient    : Discovery Client initialized at timestamp 1651024622495 with initial instances count: 2
2022-04-27 07:27:02.499  INFO 22896 --- [restartedMain] o.s.c.n.e.s.EurekaServiceRegistry        : Registering application ADMIN-SERVICE with eureka with status UP
2022-04-27 07:27:02.500  INFO 22896 --- [restartedMain] com.netflix.discovery.DiscoveryClient    : Saw local status change event StatusChangeEvent [timestamp=1651024622500, current=UP, previous=STARTING]
2022-04-27 07:27:02.504  INFO 22896 --- [DiscoveryClient-InstanceInfoReplicator-0] com.netflix.discovery.DiscoveryClient    : DiscoveryClient_ADMIN-SERVICE/LAPTOP-DB72KUT4:Admin-Service:9001: registering service...
2022-04-27 07:27:02.555  INFO 22896 --- [restartedMain] o.s.b.w.embedded.tomcat.TomcatWebServer  : Tomcat started on port(s): 9001 (http) with context path ''
2022-04-27 07:27:02.557  INFO 22896 --- [restartedMain] .s.c.n.e.s.EurekaAutoServiceRegistration : Updating port to 9001
2022-04-27 07:27:02.585  INFO 22896 --- [DiscoveryClient-InstanceInfoReplicator-0] com.netflix.discovery.DiscoveryClient    : DiscoveryClient_ADMIN-SERVICE/LAPTOP-DB72KUT4:Admin-Service:9001 - registration status: 204
2022-04-27 07:27:02.775  INFO 22896 --- [restartedMain] d.s.w.p.DocumentationPluginsBootstrapper : Context refreshed
2022-04-27 07:27:02.796  INFO 22896 --- [restartedMain] d.s.w.p.DocumentationPluginsBootstrapper : Found 1 custom documentation plugin(s)
2022-04-27 07:27:02.824  INFO 22896 --- [restartedMain] s.d.s.w.s.ApiListingReferenceScanner     : Scanning for api listing references
2022-04-27 07:27:03.123  INFO 22896 --- [restartedMain] com.admin.CarwashManagementApplication   : Started CarwashManagementApplication in 10.255 seconds (JVM running for 11.668)
2022-04-27 07:27:37.848  INFO 2444 --- [restartedMain] com.washer.WasherDetailsApplication      : Starting WasherDetailsApplication using Java 17.0.1 on LAPTOP-DB72KUT4 with PID 2444 (C:\Capgemini CaseStudy\Washer-Details\target\classes started by omkar in C:\Capgemini CaseStudy\CustomerManagement)
2022-04-27 07:27:37.851  INFO 2444 --- [restartedMain] com.washer.WasherDetailsApplication      : No active profile set, falling back to 1 default profile: "default"
2022-04-27 07:27:38.033  INFO 2444 --- [restartedMain] .e.DevToolsPropertyDefaultsPostProcessor : Devtools property defaults active! Set 'spring.devtools.add-properties' to 'false' to disable
2022-04-27 07:27:38.033  INFO 2444 --- [restartedMain] .e.DevToolsPropertyDefaultsPostProcessor : For additional web related logging consider setting the 'logging.level.web' property to 'DEBUG'
2022-04-27 07:27:39.806  INFO 2444 --- [restartedMain] .s.d.r.c.RepositoryConfigurationDelegate : Bootstrapping Spring Data MongoDB repositories in DEFAULT mode.
2022-04-27 07:27:39.938  INFO 2444 --- [restartedMain] .s.d.r.c.RepositoryConfigurationDelegate : Finished Spring Data repository scanning in 114 ms. Found 1 MongoDB repository interfaces.
2022-04-27 07:27:41.424  INFO 2444 --- [restartedMain] o.s.b.w.embedded.tomcat.TomcatWebServer  : Tomcat initialized with port(s): 9002 (http)
2022-04-27 07:27:41.457  INFO 2444 --- [restartedMain] o.apache.catalina.core.StandardService   : Starting service [Tomcat]
2022-04-27 07:27:41.458  INFO 2444 --- [restartedMain] org.apache.catalina.core.StandardEngine  : Starting Servlet engine: [Apache Tomcat/9.0.60]
2022-04-27 07:27:41.654  INFO 2444 --- [restartedMain] o.a.c.c.C.[Tomcat].[localhost].[/]       : Initializing Spring embedded WebApplicationContext
2022-04-27 07:27:41.655  INFO 2444 --- [restartedMain] w.s.c.ServletWebServerApplicationContext : Root WebApplicationContext: initialization completed in 3620 ms
2022-04-27 07:27:42.159  INFO 2444 --- [restartedMain] org.mongodb.driver.cluster               : Cluster created with settings {hosts=[127.0.0.1:27017], srvHost=cluster0.6lihh.mongodb.net, mode=MULTIPLE, requiredClusterType=REPLICA_SET, serverSelectionTimeout='30000 ms', requiredReplicaSetName='atlas-dz2cpc-shard-0'}
2022-04-27 07:27:42.272  INFO 2444 --- [cluster-ClusterId{value='6268a316cfcb1160cd39eb91', description='null'}-srv-cluster0.6lihh.mongodb.net] org.mongodb.driver.cluster               : Adding discovered server cluster0-shard-00-00.6lihh.mongodb.net:27017 to client view of cluster
2022-04-27 07:27:42.383  INFO 2444 --- [cluster-ClusterId{value='6268a316cfcb1160cd39eb91', description='null'}-srv-cluster0.6lihh.mongodb.net] org.mongodb.driver.cluster               : Adding discovered server cluster0-shard-00-01.6lihh.mongodb.net:27017 to client view of cluster
2022-04-27 07:27:42.385  INFO 2444 --- [cluster-ClusterId{value='6268a316cfcb1160cd39eb91', description='null'}-srv-cluster0.6lihh.mongodb.net] org.mongodb.driver.cluster               : Adding discovered server cluster0-shard-00-02.6lihh.mongodb.net:27017 to client view of cluster
2022-04-27 07:27:42.727  WARN 2444 --- [restartedMain] o.s.b.d.a.OptionalLiveReloadServer       : Unable to start LiveReload server
2022-04-27 07:27:43.764  INFO 2444 --- [cluster-rtt-ClusterId{value='6268a316cfcb1160cd39eb91', description='null'}-cluster0-shard-00-00.6lihh.mongodb.net:27017] org.mongodb.driver.connection            : Opened connection [connectionId{localValue:2, serverValue:30940}] to cluster0-shard-00-00.6lihh.mongodb.net:27017
2022-04-27 07:27:43.765  INFO 2444 --- [cluster-rtt-ClusterId{value='6268a316cfcb1160cd39eb91', description='null'}-cluster0-shard-00-02.6lihh.mongodb.net:27017] org.mongodb.driver.connection            : Opened connection [connectionId{localValue:5, serverValue:31922}] to cluster0-shard-00-02.6lihh.mongodb.net:27017
2022-04-27 07:27:43.765  INFO 2444 --- [cluster-rtt-ClusterId{value='6268a316cfcb1160cd39eb91', description='null'}-cluster0-shard-00-01.6lihh.mongodb.net:27017] org.mongodb.driver.connection            : Opened connection [connectionId{localValue:3, serverValue:30700}] to cluster0-shard-00-01.6lihh.mongodb.net:27017
2022-04-27 07:27:43.764  INFO 2444 --- [cluster-ClusterId{value='6268a316cfcb1160cd39eb91', description='null'}-cluster0-shard-00-00.6lihh.mongodb.net:27017] org.mongodb.driver.connection            : Opened connection [connectionId{localValue:1, serverValue:30940}] to cluster0-shard-00-00.6lihh.mongodb.net:27017
2022-04-27 07:27:43.764  INFO 2444 --- [cluster-ClusterId{value='6268a316cfcb1160cd39eb91', description='null'}-cluster0-shard-00-02.6lihh.mongodb.net:27017] org.mongodb.driver.connection            : Opened connection [connectionId{localValue:4, serverValue:31920}] to cluster0-shard-00-02.6lihh.mongodb.net:27017
2022-04-27 07:27:43.764  INFO 2444 --- [cluster-ClusterId{value='6268a316cfcb1160cd39eb91', description='null'}-cluster0-shard-00-01.6lihh.mongodb.net:27017] org.mongodb.driver.connection            : Opened connection [connectionId{localValue:6, serverValue:30698}] to cluster0-shard-00-01.6lihh.mongodb.net:27017
2022-04-27 07:27:43.766  INFO 2444 --- [cluster-ClusterId{value='6268a316cfcb1160cd39eb91', description='null'}-cluster0-shard-00-01.6lihh.mongodb.net:27017] org.mongodb.driver.cluster               : Monitor thread successfully connected to server with description ServerDescription{address=cluster0-shard-00-01.6lihh.mongodb.net:27017, type=REPLICA_SET_SECONDARY, state=CONNECTED, ok=true, minWireVersion=0, maxWireVersion=13, maxDocumentSize=16777216, logicalSessionTimeoutMinutes=30, roundTripTimeNanos=746001300, setName='atlas-dz2cpc-shard-0', canonicalAddress=cluster0-shard-00-01.6lihh.mongodb.net:27017, hosts=[cluster0-shard-00-01.6lihh.mongodb.net:27017, cluster0-shard-00-00.6lihh.mongodb.net:27017, cluster0-shard-00-02.6lihh.mongodb.net:27017], passives=[], arbiters=[], primary='cluster0-shard-00-02.6lihh.mongodb.net:27017', tagSet=TagSet{[Tag{name='nodeType', value='ELECTABLE'}, Tag{name='provider', value='AWS'}, Tag{name='region', value='AP_SOUTH_1'}, Tag{name='workloadType', value='OPERATIONAL'}]}, electionId=null, setVersion=7, topologyVersion=TopologyVersion{processId=6267fcc69fed363c99fd409e, counter=3}, lastWriteDate=Wed Apr 27 07:27:42 IST 2022, lastUpdateTimeNanos=938015841110800}
2022-04-27 07:27:43.766  INFO 2444 --- [cluster-ClusterId{value='6268a316cfcb1160cd39eb91', description='null'}-cluster0-shard-00-02.6lihh.mongodb.net:27017] org.mongodb.driver.cluster               : Monitor thread successfully connected to server with description ServerDescription{address=cluster0-shard-00-02.6lihh.mongodb.net:27017, type=REPLICA_SET_PRIMARY, state=CONNECTED, ok=true, minWireVersion=0, maxWireVersion=13, maxDocumentSize=16777216, logicalSessionTimeoutMinutes=30, roundTripTimeNanos=751927600, setName='atlas-dz2cpc-shard-0', canonicalAddress=cluster0-shard-00-02.6lihh.mongodb.net:27017, hosts=[cluster0-shard-00-01.6lihh.mongodb.net:27017, cluster0-shard-00-00.6lihh.mongodb.net:27017, cluster0-shard-00-02.6lihh.mongodb.net:27017], passives=[], arbiters=[], primary='cluster0-shard-00-02.6lihh.mongodb.net:27017', tagSet=TagSet{[Tag{name='nodeType', value='ELECTABLE'}, Tag{name='provider', value='AWS'}, Tag{name='region', value='AP_SOUTH_1'}, Tag{name='workloadType', value='OPERATIONAL'}]}, electionId=7fffffff000000000000010c, setVersion=7, topologyVersion=TopologyVersion{processId=6267fc48658baf419a08c480, counter=6}, lastWriteDate=Wed Apr 27 07:27:42 IST 2022, lastUpdateTimeNanos=938015841110700}
2022-04-27 07:27:43.766  INFO 2444 --- [cluster-ClusterId{value='6268a316cfcb1160cd39eb91', description='null'}-cluster0-shard-00-00.6lihh.mongodb.net:27017] org.mongodb.driver.cluster               : Monitor thread successfully connected to server with description ServerDescription{address=cluster0-shard-00-00.6lihh.mongodb.net:27017, type=REPLICA_SET_SECONDARY, state=CONNECTED, ok=true, minWireVersion=0, maxWireVersion=13, maxDocumentSize=16777216, logicalSessionTimeoutMinutes=30, roundTripTimeNanos=745860500, setName='atlas-dz2cpc-shard-0', canonicalAddress=cluster0-shard-00-00.6lihh.mongodb.net:27017, hosts=[cluster0-shard-00-01.6lihh.mongodb.net:27017, cluster0-shard-00-00.6lihh.mongodb.net:27017, cluster0-shard-00-02.6lihh.mongodb.net:27017], passives=[], arbiters=[], primary='cluster0-shard-00-02.6lihh.mongodb.net:27017', tagSet=TagSet{[Tag{name='nodeType', value='ELECTABLE'}, Tag{name='provider', value='AWS'}, Tag{name='region', value='AP_SOUTH_1'}, Tag{name='workloadType', value='OPERATIONAL'}]}, electionId=null, setVersion=7, topologyVersion=TopologyVersion{processId=6267fbd66572e6261731b484, counter=4}, lastWriteDate=Wed Apr 27 07:27:42 IST 2022, lastUpdateTimeNanos=938015841117900}
2022-04-27 07:27:43.784  INFO 2444 --- [cluster-ClusterId{value='6268a316cfcb1160cd39eb91', description='null'}-cluster0-shard-00-02.6lihh.mongodb.net:27017] org.mongodb.driver.cluster               : Setting max election id to 7fffffff000000000000010c from replica set primary cluster0-shard-00-02.6lihh.mongodb.net:27017
2022-04-27 07:27:43.785  INFO 2444 --- [cluster-ClusterId{value='6268a316cfcb1160cd39eb91', description='null'}-cluster0-shard-00-02.6lihh.mongodb.net:27017] org.mongodb.driver.cluster               : Setting max set version to 7 from replica set primary cluster0-shard-00-02.6lihh.mongodb.net:27017
2022-04-27 07:27:43.785  INFO 2444 --- [cluster-ClusterId{value='6268a316cfcb1160cd39eb91', description='null'}-cluster0-shard-00-02.6lihh.mongodb.net:27017] org.mongodb.driver.cluster               : Discovered replica set primary cluster0-shard-00-02.6lihh.mongodb.net:27017
2022-04-27 07:27:44.934  INFO 2444 --- [restartedMain] o.s.b.w.embedded.tomcat.TomcatWebServer  : Tomcat started on port(s): 9002 (http) with context path ''
2022-04-27 07:27:44.936  INFO 2444 --- [restartedMain] d.s.w.p.DocumentationPluginsBootstrapper : Context refreshed
2022-04-27 07:27:44.982  INFO 2444 --- [restartedMain] d.s.w.p.DocumentationPluginsBootstrapper : Found 1 custom documentation plugin(s)
2022-04-27 07:27:45.006  INFO 2444 --- [restartedMain] s.d.s.w.s.ApiListingReferenceScanner     : Scanning for api listing references
2022-04-27 07:27:45.432  INFO 2444 --- [restartedMain] com.washer.WasherDetailsApplication      : Started WasherDetailsApplication in 8.645 seconds (JVM running for 9.762)
2022-04-27 07:30:12.009  INFO 22896 --- [http-nio-9001-exec-1] o.a.c.c.C.[Tomcat].[localhost].[/]       : Initializing Spring DispatcherServlet 'dispatcherServlet'
2022-04-27 07:30:12.010  INFO 22896 --- [http-nio-9001-exec-1] o.s.web.servlet.DispatcherServlet        : Initializing Servlet 'dispatcherServlet'
2022-04-27 07:30:12.014  INFO 22896 --- [http-nio-9001-exec-1] o.s.web.servlet.DispatcherServlet        : Completed initialization in 3 ms
2022-04-27 07:30:12.090  INFO 22896 --- [http-nio-9001-exec-2] com.admin.controller.AdminController     : (getAllPacks)Called
2022-04-27 07:30:12.936  INFO 22896 --- [http-nio-9001-exec-2] org.mongodb.driver.connection            : Opened connection [connectionId{localValue:7, serverValue:31849}] to cluster0-shard-00-02.6lihh.mongodb.net:27017
2022-04-27 07:30:22.215  INFO 22896 --- [http-nio-9001-exec-5] com.admin.controller.AdminController     : (washerLeaderboard)Called
2022-04-27 07:30:25.338  INFO 22896 --- [http-nio-9001-exec-6] com.admin.controller.AdminController     : (getAllPacks)Called
2022-04-27 07:30:47.613  INFO 22896 --- [http-nio-9001-exec-8] com.admin.controller.AdminController     : (getAllPacks)Called
2022-04-27 07:30:53.150  INFO 22896 --- [http-nio-9001-exec-1] com.admin.controller.AdminController     : (getPackById)Called
2022-04-27 07:32:01.852  INFO 22896 --- [AsyncResolver-bootstrap-executor-0] c.n.d.s.r.aws.ConfigClusterResolver      : Resolving eureka endpoints via configuration
2022-04-27 07:35:25.492  INFO 22896 --- [http-nio-9001-exec-3] com.admin.controller.AdminController     : (getPackById)Called
2022-04-27 07:35:25.617  INFO 22896 --- [http-nio-9001-exec-4] com.admin.controller.AdminController     : (getAllPacks)Called
2022-04-27 07:35:26.273  INFO 22896 --- [http-nio-9001-exec-4] org.mongodb.driver.connection            : Opened connection [connectionId{localValue:8, serverValue:32204}] to cluster0-shard-00-02.6lihh.mongodb.net:27017
2022-04-27 07:35:37.406  INFO 22896 --- [http-nio-9001-exec-5] com.admin.controller.AdminController     : (getAllPacks)Called
2022-04-27 07:35:39.323  INFO 22896 --- [http-nio-9001-exec-6] com.admin.controller.AdminController     : (getPackById)Called
2022-04-27 07:37:01.864  INFO 22896 --- [AsyncResolver-bootstrap-executor-0] c.n.d.s.r.aws.ConfigClusterResolver      : Resolving eureka endpoints via configuration
2022-04-27 07:37:30.602  INFO 22896 --- [http-nio-9001-exec-9] com.admin.controller.AdminController     : (washerLeaderboard)Called
2022-04-27 07:37:35.535  INFO 22896 --- [http-nio-9001-exec-10] com.admin.controller.AdminController     : (washerLeaderboard)Called
2022-04-27 07:37:36.941  INFO 22896 --- [http-nio-9001-exec-1] com.admin.controller.AdminController     : (getAllPacks)Called
2022-04-27 07:37:43.043  INFO 22896 --- [http-nio-9001-exec-2] com.admin.controller.AdminController     : (getAllPacks)Called
2022-04-27 07:42:01.875  INFO 22896 --- [AsyncResolver-bootstrap-executor-0] c.n.d.s.r.aws.ConfigClusterResolver      : Resolving eureka endpoints via configuration
2022-04-27 07:47:01.888  INFO 22896 --- [AsyncResolver-bootstrap-executor-0] c.n.d.s.r.aws.ConfigClusterResolver      : Resolving eureka endpoints via configuration
2022-04-27 07:52:01.903  INFO 22896 --- [AsyncResolver-bootstrap-executor-0] c.n.d.s.r.aws.ConfigClusterResolver      : Resolving eureka endpoints via configuration
2022-04-27 07:57:01.917  INFO 22896 --- [AsyncResolver-bootstrap-executor-0] c.n.d.s.r.aws.ConfigClusterResolver      : Resolving eureka endpoints via configuration
2022-04-27 08:02:01.930  INFO 22896 --- [AsyncResolver-bootstrap-executor-0] c.n.d.s.r.aws.ConfigClusterResolver      : Resolving eureka endpoints via configuration
2022-04-27 08:07:01.946  INFO 22896 --- [AsyncResolver-bootstrap-executor-0] c.n.d.s.r.aws.ConfigClusterResolver      : Resolving eureka endpoints via configuration
2022-04-27 08:12:01.958  INFO 22896 --- [AsyncResolver-bootstrap-executor-0] c.n.d.s.r.aws.ConfigClusterResolver      : Resolving eureka endpoints via configuration
2022-04-27 08:17:01.969  INFO 22896 --- [AsyncResolver-bootstrap-executor-0] c.n.d.s.r.aws.ConfigClusterResolver      : Resolving eureka endpoints via configuration
2022-04-27 08:22:01.973  INFO 22896 --- [AsyncResolver-bootstrap-executor-0] c.n.d.s.r.aws.ConfigClusterResolver      : Resolving eureka endpoints via configuration
2022-04-27 08:27:01.984  INFO 22896 --- [AsyncResolver-bootstrap-executor-0] c.n.d.s.r.aws.ConfigClusterResolver      : Resolving eureka endpoints via configuration
2022-04-27 08:32:01.989  INFO 22896 --- [AsyncResolver-bootstrap-executor-0] c.n.d.s.r.aws.ConfigClusterResolver      : Resolving eureka endpoints via configuration
2022-04-27 08:35:08.099  INFO 22896 --- [http-nio-9001-exec-5] com.admin.controller.AdminController     : (getAllPacks)Called
2022-04-27 08:35:18.911  INFO 22896 --- [http-nio-9001-exec-7] com.admin.controller.AdminController     : (getPackById)Called
2022-04-27 08:35:25.823  INFO 22896 --- [http-nio-9001-exec-9] com.admin.controller.AdminController     : (updateWashPack)Called
2022-04-27 08:35:27.722  INFO 22896 --- [http-nio-9001-exec-10] com.admin.controller.AdminController     : (getAllPacks)Called
2022-04-27 08:36:13.107  INFO 22896 --- [http-nio-9001-exec-2] com.admin.controller.AdminController     : (addNewPack)Called
2022-04-27 08:36:17.534  INFO 22896 --- [http-nio-9001-exec-3] com.admin.controller.AdminController     : (getAllPacks)Called
2022-04-27 08:36:29.979  INFO 22896 --- [http-nio-9001-exec-4] com.admin.controller.AdminController     : (getAllPacks)Called
2022-04-27 08:37:01.992  INFO 22896 --- [AsyncResolver-bootstrap-executor-0] c.n.d.s.r.aws.ConfigClusterResolver      : Resolving eureka endpoints via configuration
2022-04-27 08:37:11.262  INFO 22896 --- [http-nio-9001-exec-6] com.admin.controller.AdminController     : (washerLeaderboard)Called
2022-04-27 08:37:17.861  INFO 22896 --- [http-nio-9001-exec-8] com.admin.controller.AdminController     : (getByRank)Called
2022-04-27 08:37:24.743  INFO 22896 --- [http-nio-9001-exec-1] com.admin.controller.AdminController     : (washerLeaderboard)Called
2022-04-27 08:40:00.815  INFO 22896 --- [http-nio-9001-exec-3] com.admin.controller.AdminController     : (getAllPacks)Called
2022-04-27 08:40:04.579  INFO 22896 --- [http-nio-9001-exec-5] com.admin.controller.AdminController     : (getPackById)Called
2022-04-27 08:41:28.639  INFO 22896 --- [http-nio-9001-exec-7] com.admin.controller.AdminController     : (washerLeaderboard)Called
2022-04-27 08:42:01.996  INFO 22896 --- [AsyncResolver-bootstrap-executor-0] c.n.d.s.r.aws.ConfigClusterResolver      : Resolving eureka endpoints via configuration
2022-04-27 08:47:02.006  INFO 22896 --- [AsyncResolver-bootstrap-executor-0] c.n.d.s.r.aws.ConfigClusterResolver      : Resolving eureka endpoints via configuration
2022-04-27 08:52:02.016  INFO 22896 --- [AsyncResolver-bootstrap-executor-0] c.n.d.s.r.aws.ConfigClusterResolver      : Resolving eureka endpoints via configuration
2022-04-27 08:57:02.020  INFO 22896 --- [AsyncResolver-bootstrap-executor-0] c.n.d.s.r.aws.ConfigClusterResolver      : Resolving eureka endpoints via configuration
2022-04-27 08:57:59.475  INFO 22896 --- [SpringApplicationShutdownHook] o.s.c.n.e.s.EurekaServiceRegistry        : Unregistering application ADMIN-SERVICE with eureka with status DOWN
2022-04-27 08:57:59.476  INFO 22896 --- [SpringApplicationShutdownHook] com.netflix.discovery.DiscoveryClient    : Saw local status change event StatusChangeEvent [timestamp=1651030079476, current=DOWN, previous=UP]
2022-04-27 08:57:59.476  INFO 22896 --- [DiscoveryClient-InstanceInfoReplicator-0] com.netflix.discovery.DiscoveryClient    : DiscoveryClient_ADMIN-SERVICE/LAPTOP-DB72KUT4:Admin-Service:9001: registering service...
2022-04-27 08:57:59.491  INFO 22896 --- [DiscoveryClient-InstanceInfoReplicator-0] com.netflix.discovery.DiscoveryClient    : DiscoveryClient_ADMIN-SERVICE/LAPTOP-DB72KUT4:Admin-Service:9001 - registration status: 204
2022-04-27 08:58:00.072  INFO 22896 --- [SpringApplicationShutdownHook] com.netflix.discovery.DiscoveryClient    : Shutting down DiscoveryClient ...
2022-04-27 08:58:03.082  INFO 22896 --- [SpringApplicationShutdownHook] com.netflix.discovery.DiscoveryClient    : Unregistering ...
2022-04-27 08:58:03.088  INFO 22896 --- [SpringApplicationShutdownHook] com.netflix.discovery.DiscoveryClient    : DiscoveryClient_ADMIN-SERVICE/LAPTOP-DB72KUT4:Admin-Service:9001 - deregister  status: 200
2022-04-27 08:58:03.094  INFO 22896 --- [SpringApplicationShutdownHook] com.netflix.discovery.DiscoveryClient    : Completed shut down of DiscoveryClient
