2022-04-27 07:27:15.432  INFO 28908 --- [restartedMain] com.order.OrderDetailsApplication        : Starting OrderDetailsApplication using Java 17.0.1 on LAPTOP-DB72KUT4 with PID 28908 (C:\Capgemini CaseStudy\Order-Details\target\classes started by omkar in C:\Capgemini CaseStudy\CustomerManagement)
2022-04-27 07:27:15.449  INFO 28908 --- [restartedMain] com.order.OrderDetailsApplication        : No active profile set, falling back to 1 default profile: "default"
2022-04-27 07:27:15.668  INFO 28908 --- [restartedMain] .e.DevToolsPropertyDefaultsPostProcessor : Devtools property defaults active! Set 'spring.devtools.add-properties' to 'false' to disable
2022-04-27 07:27:15.669  INFO 28908 --- [restartedMain] .e.DevToolsPropertyDefaultsPostProcessor : For additional web related logging consider setting the 'logging.level.web' property to 'DEBUG'
2022-04-27 07:27:17.653  INFO 28908 --- [restartedMain] .s.d.r.c.RepositoryConfigurationDelegate : Bootstrapping Spring Data MongoDB repositories in DEFAULT mode.
2022-04-27 07:27:17.963  INFO 28908 --- [restartedMain] .s.d.r.c.RepositoryConfigurationDelegate : Finished Spring Data repository scanning in 291 ms. Found 1 MongoDB repository interfaces.
2022-04-27 07:27:18.539  INFO 28908 --- [restartedMain] o.s.cloud.context.scope.GenericScope     : BeanFactory id=b97f1cef-b728-39d0-8b9a-8e39d27e4416
2022-04-27 07:27:19.869  INFO 28908 --- [restartedMain] o.s.b.w.embedded.tomcat.TomcatWebServer  : Tomcat initialized with port(s): 9003 (http)
2022-04-27 07:27:19.908  INFO 28908 --- [restartedMain] o.apache.catalina.core.StandardService   : Starting service [Tomcat]
2022-04-27 07:27:19.909  INFO 28908 --- [restartedMain] org.apache.catalina.core.StandardEngine  : Starting Servlet engine: [Apache Tomcat/9.0.60]
2022-04-27 07:27:20.211  INFO 28908 --- [restartedMain] o.a.c.c.C.[Tomcat].[localhost].[/]       : Initializing Spring embedded WebApplicationContext
2022-04-27 07:27:20.212  INFO 28908 --- [restartedMain] w.s.c.ServletWebServerApplicationContext : Root WebApplicationContext: initialization completed in 4540 ms
2022-04-27 07:27:20.718  INFO 28908 --- [restartedMain] org.mongodb.driver.cluster               : Cluster created with settings {hosts=[127.0.0.1:27017], srvHost=cluster0.6lihh.mongodb.net, mode=MULTIPLE, requiredClusterType=REPLICA_SET, serverSelectionTimeout='30000 ms', requiredReplicaSetName='atlas-dz2cpc-shard-0'}
2022-04-27 07:27:20.808  INFO 28908 --- [cluster-ClusterId{value='6268a3007ff70215173df23d', description='null'}-srv-cluster0.6lihh.mongodb.net] org.mongodb.driver.cluster               : Adding discovered server cluster0-shard-00-00.6lihh.mongodb.net:27017 to client view of cluster
2022-04-27 07:27:20.906  INFO 28908 --- [cluster-ClusterId{value='6268a3007ff70215173df23d', description='null'}-srv-cluster0.6lihh.mongodb.net] org.mongodb.driver.cluster               : Adding discovered server cluster0-shard-00-01.6lihh.mongodb.net:27017 to client view of cluster
2022-04-27 07:27:20.908  INFO 28908 --- [cluster-ClusterId{value='6268a3007ff70215173df23d', description='null'}-srv-cluster0.6lihh.mongodb.net] org.mongodb.driver.cluster               : Adding discovered server cluster0-shard-00-02.6lihh.mongodb.net:27017 to client view of cluster
2022-04-27 07:27:20.990  WARN 28908 --- [restartedMain] o.s.data.convert.CustomConversions       : Registering converter from class java.time.LocalDateTime to class org.joda.time.LocalDateTime as reading converter although it doesn't convert from a store-supported type! You might want to check your annotation setup at the converter implementation.
2022-04-27 07:27:21.243  WARN 28908 --- [restartedMain] o.s.b.d.a.OptionalLiveReloadServer       : Unable to start LiveReload server
2022-04-27 07:27:21.391  WARN 28908 --- [restartedMain] o.s.data.convert.CustomConversions       : Registering converter from class java.time.LocalDateTime to class org.joda.time.LocalDateTime as reading converter although it doesn't convert from a store-supported type! You might want to check your annotation setup at the converter implementation.
2022-04-27 07:27:21.974  INFO 28908 --- [cluster-ClusterId{value='6268a3007ff70215173df23d', description='null'}-cluster0-shard-00-00.6lihh.mongodb.net:27017] org.mongodb.driver.connection            : Opened connection [connectionId{localValue:6, serverValue:30926}] to cluster0-shard-00-00.6lihh.mongodb.net:27017
2022-04-27 07:27:21.974  INFO 28908 --- [cluster-rtt-ClusterId{value='6268a3007ff70215173df23d', description='null'}-cluster0-shard-00-01.6lihh.mongodb.net:27017] org.mongodb.driver.connection            : Opened connection [connectionId{localValue:4, serverValue:30687}] to cluster0-shard-00-01.6lihh.mongodb.net:27017
2022-04-27 07:27:21.974  INFO 28908 --- [cluster-rtt-ClusterId{value='6268a3007ff70215173df23d', description='null'}-cluster0-shard-00-02.6lihh.mongodb.net:27017] org.mongodb.driver.connection            : Opened connection [connectionId{localValue:5, serverValue:31803}] to cluster0-shard-00-02.6lihh.mongodb.net:27017
2022-04-27 07:27:21.974  INFO 28908 --- [cluster-ClusterId{value='6268a3007ff70215173df23d', description='null'}-cluster0-shard-00-02.6lihh.mongodb.net:27017] org.mongodb.driver.connection            : Opened connection [connectionId{localValue:1, serverValue:31910}] to cluster0-shard-00-02.6lihh.mongodb.net:27017
2022-04-27 07:27:21.974  INFO 28908 --- [cluster-ClusterId{value='6268a3007ff70215173df23d', description='null'}-cluster0-shard-00-01.6lihh.mongodb.net:27017] org.mongodb.driver.connection            : Opened connection [connectionId{localValue:3, serverValue:30681}] to cluster0-shard-00-01.6lihh.mongodb.net:27017
2022-04-27 07:27:21.975  INFO 28908 --- [cluster-ClusterId{value='6268a3007ff70215173df23d', description='null'}-cluster0-shard-00-00.6lihh.mongodb.net:27017] org.mongodb.driver.cluster               : Monitor thread successfully connected to server with description ServerDescription{address=cluster0-shard-00-00.6lihh.mongodb.net:27017, type=REPLICA_SET_SECONDARY, state=CONNECTED, ok=true, minWireVersion=0, maxWireVersion=13, maxDocumentSize=16777216, logicalSessionTimeoutMinutes=30, roundTripTimeNanos=597510000, setName='atlas-dz2cpc-shard-0', canonicalAddress=cluster0-shard-00-00.6lihh.mongodb.net:27017, hosts=[cluster0-shard-00-01.6lihh.mongodb.net:27017, cluster0-shard-00-00.6lihh.mongodb.net:27017, cluster0-shard-00-02.6lihh.mongodb.net:27017], passives=[], arbiters=[], primary='cluster0-shard-00-02.6lihh.mongodb.net:27017', tagSet=TagSet{[Tag{name='nodeType', value='ELECTABLE'}, Tag{name='provider', value='AWS'}, Tag{name='region', value='AP_SOUTH_1'}, Tag{name='workloadType', value='OPERATIONAL'}]}, electionId=null, setVersion=7, topologyVersion=TopologyVersion{processId=6267fbd66572e6261731b484, counter=4}, lastWriteDate=Wed Apr 27 07:27:20 IST 2022, lastUpdateTimeNanos=937994054218300}
2022-04-27 07:27:21.976  INFO 28908 --- [cluster-ClusterId{value='6268a3007ff70215173df23d', description='null'}-cluster0-shard-00-02.6lihh.mongodb.net:27017] org.mongodb.driver.cluster               : Monitor thread successfully connected to server with description ServerDescription{address=cluster0-shard-00-02.6lihh.mongodb.net:27017, type=REPLICA_SET_PRIMARY, state=CONNECTED, ok=true, minWireVersion=0, maxWireVersion=13, maxDocumentSize=16777216, logicalSessionTimeoutMinutes=30, roundTripTimeNanos=597476600, setName='atlas-dz2cpc-shard-0', canonicalAddress=cluster0-shard-00-02.6lihh.mongodb.net:27017, hosts=[cluster0-shard-00-01.6lihh.mongodb.net:27017, cluster0-shard-00-00.6lihh.mongodb.net:27017, cluster0-shard-00-02.6lihh.mongodb.net:27017], passives=[], arbiters=[], primary='cluster0-shard-00-02.6lihh.mongodb.net:27017', tagSet=TagSet{[Tag{name='nodeType', value='ELECTABLE'}, Tag{name='provider', value='AWS'}, Tag{name='region', value='AP_SOUTH_1'}, Tag{name='workloadType', value='OPERATIONAL'}]}, electionId=7fffffff000000000000010c, setVersion=7, topologyVersion=TopologyVersion{processId=6267fc48658baf419a08c480, counter=6}, lastWriteDate=Wed Apr 27 07:27:20 IST 2022, lastUpdateTimeNanos=937994054218400}
2022-04-27 07:27:21.974  INFO 28908 --- [cluster-rtt-ClusterId{value='6268a3007ff70215173df23d', description='null'}-cluster0-shard-00-00.6lihh.mongodb.net:27017] org.mongodb.driver.connection            : Opened connection [connectionId{localValue:2, serverValue:30926}] to cluster0-shard-00-00.6lihh.mongodb.net:27017
2022-04-27 07:27:21.976  INFO 28908 --- [cluster-ClusterId{value='6268a3007ff70215173df23d', description='null'}-cluster0-shard-00-01.6lihh.mongodb.net:27017] org.mongodb.driver.cluster               : Monitor thread successfully connected to server with description ServerDescription{address=cluster0-shard-00-01.6lihh.mongodb.net:27017, type=REPLICA_SET_SECONDARY, state=CONNECTED, ok=true, minWireVersion=0, maxWireVersion=13, maxDocumentSize=16777216, logicalSessionTimeoutMinutes=30, roundTripTimeNanos=640176500, setName='atlas-dz2cpc-shard-0', canonicalAddress=cluster0-shard-00-01.6lihh.mongodb.net:27017, hosts=[cluster0-shard-00-01.6lihh.mongodb.net:27017, cluster0-shard-00-00.6lihh.mongodb.net:27017, cluster0-shard-00-02.6lihh.mongodb.net:27017], passives=[], arbiters=[], primary='cluster0-shard-00-02.6lihh.mongodb.net:27017', tagSet=TagSet{[Tag{name='nodeType', value='ELECTABLE'}, Tag{name='provider', value='AWS'}, Tag{name='region', value='AP_SOUTH_1'}, Tag{name='workloadType', value='OPERATIONAL'}]}, electionId=null, setVersion=7, topologyVersion=TopologyVersion{processId=6267fcc69fed363c99fd409e, counter=3}, lastWriteDate=Wed Apr 27 07:27:20 IST 2022, lastUpdateTimeNanos=937994054817300}
2022-04-27 07:27:21.992  INFO 28908 --- [cluster-ClusterId{value='6268a3007ff70215173df23d', description='null'}-cluster0-shard-00-02.6lihh.mongodb.net:27017] org.mongodb.driver.cluster               : Setting max election id to 7fffffff000000000000010c from replica set primary cluster0-shard-00-02.6lihh.mongodb.net:27017
2022-04-27 07:27:21.992  INFO 28908 --- [cluster-ClusterId{value='6268a3007ff70215173df23d', description='null'}-cluster0-shard-00-02.6lihh.mongodb.net:27017] org.mongodb.driver.cluster               : Setting max set version to 7 from replica set primary cluster0-shard-00-02.6lihh.mongodb.net:27017
2022-04-27 07:27:21.993  INFO 28908 --- [cluster-ClusterId{value='6268a3007ff70215173df23d', description='null'}-cluster0-shard-00-02.6lihh.mongodb.net:27017] org.mongodb.driver.cluster               : Discovered replica set primary cluster0-shard-00-02.6lihh.mongodb.net:27017
2022-04-27 07:27:23.667  INFO 28908 --- [restartedMain] DiscoveryClientOptionalArgsConfiguration : Eureka HTTP Client uses RestTemplate.
2022-04-27 07:27:24.107  WARN 28908 --- [restartedMain] iguration$LoadBalancerCaffeineWarnLogger : Spring Cloud LoadBalancer is currently working with the default cache. While this cache implementation is useful for development and tests, it's recommended to use Caffeine cache in production.You can switch to using Caffeine cache, by adding it and org.springframework.cache.caffeine.CaffeineCacheManager to the classpath.
2022-04-27 07:27:24.167  INFO 28908 --- [restartedMain] o.s.c.n.eureka.InstanceInfoFactory       : Setting initial instance status as: STARTING
2022-04-27 07:27:24.403  INFO 28908 --- [restartedMain] com.netflix.discovery.DiscoveryClient    : Initializing Eureka in region us-east-1
2022-04-27 07:27:24.415  INFO 28908 --- [restartedMain] c.n.d.s.r.aws.ConfigClusterResolver      : Resolving eureka endpoints via configuration
2022-04-27 07:27:24.475  INFO 28908 --- [restartedMain] com.netflix.discovery.DiscoveryClient    : Disable delta property : false
2022-04-27 07:27:24.475  INFO 28908 --- [restartedMain] com.netflix.discovery.DiscoveryClient    : Single vip registry refresh property : null
2022-04-27 07:27:24.476  INFO 28908 --- [restartedMain] com.netflix.discovery.DiscoveryClient    : Force full registry fetch : false
2022-04-27 07:27:24.476  INFO 28908 --- [restartedMain] com.netflix.discovery.DiscoveryClient    : Application is null : false
2022-04-27 07:27:24.476  INFO 28908 --- [restartedMain] com.netflix.discovery.DiscoveryClient    : Registered Applications size is zero : true
2022-04-27 07:27:24.476  INFO 28908 --- [restartedMain] com.netflix.discovery.DiscoveryClient    : Application version is -1: true
2022-04-27 07:27:24.476  INFO 28908 --- [restartedMain] com.netflix.discovery.DiscoveryClient    : Getting all instance registry info from the eureka server
2022-04-27 07:27:25.220  INFO 28908 --- [restartedMain] com.netflix.discovery.DiscoveryClient    : The response status is 200
2022-04-27 07:27:25.228  INFO 28908 --- [restartedMain] com.netflix.discovery.DiscoveryClient    : Starting heartbeat executor: renew interval is: 30
2022-04-27 07:27:25.234  INFO 28908 --- [restartedMain] c.n.discovery.InstanceInfoReplicator     : InstanceInfoReplicator onDemand update allowed rate per min is 4
2022-04-27 07:27:25.248  INFO 28908 --- [restartedMain] com.netflix.discovery.DiscoveryClient    : Discovery Client initialized at timestamp 1651024645246 with initial instances count: 2
2022-04-27 07:27:25.251  INFO 28908 --- [restartedMain] o.s.c.n.e.s.EurekaServiceRegistry        : Registering application ORDER-SERVICE with eureka with status UP
2022-04-27 07:27:25.252  INFO 28908 --- [restartedMain] com.netflix.discovery.DiscoveryClient    : Saw local status change event StatusChangeEvent [timestamp=1651024645252, current=UP, previous=STARTING]
2022-04-27 07:27:25.256  INFO 28908 --- [DiscoveryClient-InstanceInfoReplicator-0] com.netflix.discovery.DiscoveryClient    : DiscoveryClient_ORDER-SERVICE/LAPTOP-DB72KUT4:Order-Service:9003: registering service...
2022-04-27 07:27:25.304  INFO 28908 --- [restartedMain] o.s.b.w.embedded.tomcat.TomcatWebServer  : Tomcat started on port(s): 9003 (http) with context path ''
2022-04-27 07:27:25.306  INFO 28908 --- [restartedMain] .s.c.n.e.s.EurekaAutoServiceRegistration : Updating port to 9003
2022-04-27 07:27:25.353  INFO 28908 --- [DiscoveryClient-InstanceInfoReplicator-0] com.netflix.discovery.DiscoveryClient    : DiscoveryClient_ORDER-SERVICE/LAPTOP-DB72KUT4:Order-Service:9003 - registration status: 204
2022-04-27 07:27:25.581  INFO 28908 --- [restartedMain] d.s.w.p.DocumentationPluginsBootstrapper : Context refreshed
2022-04-27 07:27:25.610  INFO 28908 --- [restartedMain] d.s.w.p.DocumentationPluginsBootstrapper : Found 1 custom documentation plugin(s)
2022-04-27 07:27:25.649  INFO 28908 --- [restartedMain] s.d.s.w.s.ApiListingReferenceScanner     : Scanning for api listing references
2022-04-27 07:27:25.990  INFO 28908 --- [restartedMain] com.order.OrderDetailsApplication        : Started OrderDetailsApplication in 11.972 seconds (JVM running for 13.368)
2022-04-27 07:30:17.803  INFO 28908 --- [http-nio-9003-exec-1] o.a.c.c.C.[Tomcat].[localhost].[/]       : Initializing Spring DispatcherServlet 'dispatcherServlet'
2022-04-27 07:30:17.804  INFO 28908 --- [http-nio-9003-exec-1] o.s.web.servlet.DispatcherServlet        : Initializing Servlet 'dispatcherServlet'
2022-04-27 07:30:17.806  INFO 28908 --- [http-nio-9003-exec-1] o.s.web.servlet.DispatcherServlet        : Completed initialization in 2 ms
2022-04-27 07:30:18.687  INFO 28908 --- [http-nio-9003-exec-2] org.mongodb.driver.connection            : Opened connection [connectionId{localValue:7, serverValue:32035}] to cluster0-shard-00-02.6lihh.mongodb.net:27017
2022-04-27 07:32:24.491  INFO 28908 --- [AsyncResolver-bootstrap-executor-0] c.n.d.s.r.aws.ConfigClusterResolver      : Resolving eureka endpoints via configuration
2022-04-27 07:37:24.502  INFO 28908 --- [AsyncResolver-bootstrap-executor-0] c.n.d.s.r.aws.ConfigClusterResolver      : Resolving eureka endpoints via configuration
2022-04-27 07:42:24.518  INFO 28908 --- [AsyncResolver-bootstrap-executor-0] c.n.d.s.r.aws.ConfigClusterResolver      : Resolving eureka endpoints via configuration
2022-04-27 07:47:24.533  INFO 28908 --- [AsyncResolver-bootstrap-executor-0] c.n.d.s.r.aws.ConfigClusterResolver      : Resolving eureka endpoints via configuration
2022-04-27 07:52:24.536  INFO 28908 --- [AsyncResolver-bootstrap-executor-0] c.n.d.s.r.aws.ConfigClusterResolver      : Resolving eureka endpoints via configuration
2022-04-27 07:57:24.544  INFO 28908 --- [AsyncResolver-bootstrap-executor-0] c.n.d.s.r.aws.ConfigClusterResolver      : Resolving eureka endpoints via configuration
2022-04-27 08:02:24.554  INFO 28908 --- [AsyncResolver-bootstrap-executor-0] c.n.d.s.r.aws.ConfigClusterResolver      : Resolving eureka endpoints via configuration
2022-04-27 08:07:24.564  INFO 28908 --- [AsyncResolver-bootstrap-executor-0] c.n.d.s.r.aws.ConfigClusterResolver      : Resolving eureka endpoints via configuration
2022-04-27 08:12:24.578  INFO 28908 --- [AsyncResolver-bootstrap-executor-0] c.n.d.s.r.aws.ConfigClusterResolver      : Resolving eureka endpoints via configuration
2022-04-27 08:17:24.593  INFO 28908 --- [AsyncResolver-bootstrap-executor-0] c.n.d.s.r.aws.ConfigClusterResolver      : Resolving eureka endpoints via configuration
2022-04-27 08:22:24.605  INFO 28908 --- [AsyncResolver-bootstrap-executor-0] c.n.d.s.r.aws.ConfigClusterResolver      : Resolving eureka endpoints via configuration
2022-04-27 08:27:24.614  INFO 28908 --- [AsyncResolver-bootstrap-executor-0] c.n.d.s.r.aws.ConfigClusterResolver      : Resolving eureka endpoints via configuration
2022-04-27 08:32:24.620  INFO 28908 --- [AsyncResolver-bootstrap-executor-0] c.n.d.s.r.aws.ConfigClusterResolver      : Resolving eureka endpoints via configuration
2022-04-27 08:37:24.635  INFO 28908 --- [AsyncResolver-bootstrap-executor-0] c.n.d.s.r.aws.ConfigClusterResolver      : Resolving eureka endpoints via configuration
2022-04-27 08:42:24.651  INFO 28908 --- [AsyncResolver-bootstrap-executor-0] c.n.d.s.r.aws.ConfigClusterResolver      : Resolving eureka endpoints via configuration
2022-04-27 08:47:24.653  INFO 28908 --- [AsyncResolver-bootstrap-executor-0] c.n.d.s.r.aws.ConfigClusterResolver      : Resolving eureka endpoints via configuration
2022-04-27 08:52:24.654  INFO 28908 --- [AsyncResolver-bootstrap-executor-0] c.n.d.s.r.aws.ConfigClusterResolver      : Resolving eureka endpoints via configuration
2022-04-27 08:57:24.667  INFO 28908 --- [AsyncResolver-bootstrap-executor-0] c.n.d.s.r.aws.ConfigClusterResolver      : Resolving eureka endpoints via configuration
2022-04-27 08:57:54.833  INFO 28908 --- [SpringApplicationShutdownHook] o.s.c.n.e.s.EurekaServiceRegistry        : Unregistering application ORDER-SERVICE with eureka with status DOWN
2022-04-27 08:57:54.834  INFO 28908 --- [SpringApplicationShutdownHook] com.netflix.discovery.DiscoveryClient    : Saw local status change event StatusChangeEvent [timestamp=1651030074834, current=DOWN, previous=UP]
2022-04-27 08:57:54.835  INFO 28908 --- [DiscoveryClient-InstanceInfoReplicator-0] com.netflix.discovery.DiscoveryClient    : DiscoveryClient_ORDER-SERVICE/LAPTOP-DB72KUT4:Order-Service:9003: registering service...
2022-04-27 08:57:54.848  INFO 28908 --- [DiscoveryClient-InstanceInfoReplicator-0] com.netflix.discovery.DiscoveryClient    : DiscoveryClient_ORDER-SERVICE/LAPTOP-DB72KUT4:Order-Service:9003 - registration status: 204
2022-04-27 08:57:55.416  INFO 28908 --- [SpringApplicationShutdownHook] com.netflix.discovery.DiscoveryClient    : Shutting down DiscoveryClient ...
2022-04-27 08:57:58.433  WARN 28908 --- [DiscoveryClient-0] c.netflix.discovery.TimedSupervisorTask  : task supervisor shutting down, can't accept the task
2022-04-27 08:57:58.435  INFO 28908 --- [SpringApplicationShutdownHook] com.netflix.discovery.DiscoveryClient    : Unregistering ...
2022-04-27 08:57:58.447  INFO 28908 --- [SpringApplicationShutdownHook] com.netflix.discovery.DiscoveryClient    : DiscoveryClient_ORDER-SERVICE/LAPTOP-DB72KUT4:Order-Service:9003 - deregister  status: 200
2022-04-27 08:57:58.452  INFO 28908 --- [SpringApplicationShutdownHook] com.netflix.discovery.DiscoveryClient    : Completed shut down of DiscoveryClient
